0:0:0:0:0:0:0:1 - - [10/Nov/2018:13:14:57 +0800] "GET /api/article?mpsId=3 HTTP/1.1" 500 491
0:0:0:0:0:0:0:1 - - [10/Nov/2018:13:14:58 +0800] "GET /favicon.ico HTTP/1.1" 200 946
0:0:0:0:0:0:0:1 - - [10/Nov/2018:13:15:52 +0800] "GET /api/article?mpsId=3 HTTP/1.1" 500 491
0:0:0:0:0:0:0:1 - - [10/Nov/2018:13:15:52 +0800] "GET /favicon.ico HTTP/1.1" 200 946
0:0:0:0:0:0:0:1 - - [10/Nov/2018:13:16:33 +0800] "GET /api/article?mpsId=3 HTTP/1.1" 200 7792
0:0:0:0:0:0:0:1 - - [10/Nov/2018:13:16:34 +0800] "GET /favicon.ico HTTP/1.1" 200 946
0:0:0:0:0:0:0:1 - - [10/Nov/2018:13:17:09 +0800] "GET /api/article?mpsId=3&keyword=%E9%98%85%E8%AF%BB%E5%8E%9F%E6%96%87 HTTP/1.1" 200 8075
0:0:0:0:0:0:0:1 - - [10/Nov/2018:13:17:24 +0800] "GET /api/article?mpsId=3&keyword=%E5%BF%83%E6%83%85 HTTP/1.1" 200 7955
0:0:0:0:0:0:0:1 - - [10/Nov/2018:13:17:35 +0800] "GET /api/article?mpsId=3&keyword=%E9%BB%84%E9%87%91 HTTP/1.1" 200 7997
0:0:0:0:0:0:0:1 - - [10/Nov/2018:13:18:17 +0800] "GET /api/article?mpsId=3&keyword=%E9%9D%9E%E5%86%9C HTTP/1.1" 200 2990
0:0:0:0:0:0:0:1 - - [10/Nov/2018:13:18:47 +0800] "GET /api/article?mpsId=3&keyword=%E9%9D%9E%E5%86%9C HTTP/1.1" 200 2990
0:0:0:0:0:0:0:1 - - [10/Nov/2018:13:18:47 +0800] "GET /favicon.ico HTTP/1.1" 200 946
0:0:0:0:0:0:0:1 - - [10/Nov/2018:13:18:59 +0800] "GET /api/article?mpsId=3&keyword=%E4%BF%9D%E9%99%A9 HTTP/1.1" 200 7931
0:0:0:0:0:0:0:1 - - [10/Nov/2018:13:19:11 +0800] "GET /api/article?mpsId=4&keyword=%E4%BF%9D%E9%99%A9 HTTP/1.1" 500 491
0:0:0:0:0:0:0:1 - - [10/Nov/2018:13:20:09 +0800] "GET /api/article?mpsId=4&keyword=%E4%BF%9D%E9%99%A9 HTTP/1.1" 500 491
0:0:0:0:0:0:0:1 - - [10/Nov/2018:13:20:09 +0800] "GET /favicon.ico HTTP/1.1" 200 946
0:0:0:0:0:0:0:1 - - [10/Nov/2018:13:22:01 +0800] "GET /api/article?mpsId=4&keyword=%E4%BF%9D%E9%99%A9 HTTP/1.1" 200 7931
0:0:0:0:0:0:0:1 - - [10/Nov/2018:13:22:01 +0800] "GET /favicon.ico HTTP/1.1" 200 946
0:0:0:0:0:0:0:1 - - [10/Nov/2018:13:22:27 +0800] "GET /api/article?mpsId=40&keyword=%E4%BF%9D%E9%99%A9 HTTP/1.1" 200 7931
0:0:0:0:0:0:0:1 - - [10/Nov/2018:13:23:13 +0800] "GET /api/article?mpsId=40&keyword=%E4%BF%9D%E9%99%A9 HTTP/1.1" 200 7931
0:0:0:0:0:0:0:1 - - [10/Nov/2018:13:25:13 +0800] "GET /api/article?mpsId=40&keyword=%E4%BF%9D%E9%99%A9 HTTP/1.1" 200 7931
0:0:0:0:0:0:0:1 - - [10/Nov/2018:13:27:36 +0800] "GET /api/article?mpsId=40&keyword=%E4%BF%9D%E9%99%A9 HTTP/1.1" 200 7931
0:0:0:0:0:0:0:1 - - [10/Nov/2018:13:27:36 +0800] "GET /favicon.ico HTTP/1.1" 200 946
0:0:0:0:0:0:0:1 - - [10/Nov/2018:13:28:02 +0800] "GET /api/article?mpsId=40&keyword=%E4%BF%9D%E9%99%A9 HTTP/1.1" 200 7931
0:0:0:0:0:0:0:1 - - [10/Nov/2018:13:30:46 +0800] "GET /api/article?mpsId=40&keyword=%E4%BF%9D%E9%99%A9 HTTP/1.1" 200 276
0:0:0:0:0:0:0:1 - - [10/Nov/2018:13:30:47 +0800] "GET /favicon.ico HTTP/1.1" 200 946
0:0:0:0:0:0:0:1 - - [10/Nov/2018:13:30:50 +0800] "GET /api/article?mpsId=40&keyword=%E4%BF%9D%E9%99%A9 HTTP/1.1" 200 276
0:0:0:0:0:0:0:1 - - [10/Nov/2018:13:30:50 +0800] "GET /favicon.ico HTTP/1.1" 200 946
0:0:0:0:0:0:0:1 - - [10/Nov/2018:13:31:15 +0800] "GET /api/article?mpsId=4&keyword=%E4%BF%9D%E9%99%A9 HTTP/1.1" 200 276
0:0:0:0:0:0:0:1 - - [10/Nov/2018:13:31:17 +0800] "GET /api/article?mpsId=3&keyword=%E4%BF%9D%E9%99%A9 HTTP/1.1" 200 7792
0:0:0:0:0:0:0:1 - - [10/Nov/2018:13:32:49 +0800] "GET /api/article?mpsId=3&keyword=%E4%BF%9D%E9%99%A9 HTTP/1.1" 200 7931
0:0:0:0:0:0:0:1 - - [10/Nov/2018:13:32:50 +0800] "GET /favicon.ico HTTP/1.1" 200 946
0:0:0:0:0:0:0:1 - - [10/Nov/2018:13:32:56 +0800] "GET /api/article?mpsId=4&keyword=%E4%BF%9D%E9%99%A9 HTTP/1.1" 200 276
0:0:0:0:0:0:0:1 - - [10/Nov/2018:13:33:09 +0800] "GET /api/article?mpsId=40&keyword=%E4%BF%9D%E9%99%A9 HTTP/1.1" 200 276
0:0:0:0:0:0:0:1 - - [10/Nov/2018:13:33:14 +0800] "GET /api/article?mpsId=3&keyword=%E4%BF%9D%E9%99%A9 HTTP/1.1" 200 7931
0:0:0:0:0:0:0:1 - - [10/Nov/2018:13:33:20 +0800] "GET /api/article?mpsId=3&keyword=%E8%80%81%E9%92%B1 HTTP/1.1" 200 7683
0:0:0:0:0:0:0:1 - - [10/Nov/2018:13:36:27 +0800] "GET /api/article?mpsId=3&keyword=%E8%80%81%E9%92%B1 HTTP/1.1" 200 7683
0:0:0:0:0:0:0:1 - - [10/Nov/2018:13:36:27 +0800] "GET /favicon.ico HTTP/1.1" 200 946
0:0:0:0:0:0:0:1 - - [10/Nov/2018:13:36:31 +0800] "GET /api/article?mpsId=4&keyword=%E8%80%81%E9%92%B1 HTTP/1.1" 200 276
0:0:0:0:0:0:0:1 - - [10/Nov/2018:13:48:23 +0800] "GET /api/article?mpsId=4&keyword=%E8%80%81%E9%92%B1 HTTP/1.1" 200 276
0:0:0:0:0:0:0:1 - - [10/Nov/2018:13:48:24 +0800] "GET /favicon.ico HTTP/1.1" 200 946
0:0:0:0:0:0:0:1 - - [10/Nov/2018:13:48:26 +0800] "GET /api/article?mpsId=3&keyword=%E8%80%81%E9%92%B1 HTTP/1.1" 200 8111
0:0:0:0:0:0:0:1 - - [10/Nov/2018:13:48:27 +0800] "GET /favicon.ico HTTP/1.1" 200 946
0:0:0:0:0:0:0:1 - - [10/Nov/2018:13:48:42 +0800] "GET /api/article?mpsId=3&keyword=%E6%9D%A0%E6%9D%86 HTTP/1.1" 200 8042
0:0:0:0:0:0:0:1 - - [10/Nov/2018:13:49:26 +0800] "GET /api/article?mpsId=3&keyword=%E6%9D%A0%E6%9D%86 HTTP/1.1" 200 8042
0:0:0:0:0:0:0:1 - - [10/Nov/2018:13:49:27 +0800] "GET /favicon.ico HTTP/1.1" 200 946
0:0:0:0:0:0:0:1 - - [10/Nov/2018:13:49:29 +0800] "GET /api/article?mpsId=3&keyword=%E6%9D%A0%E6%9D%86 HTTP/1.1" 200 8042
0:0:0:0:0:0:0:1 - - [10/Nov/2018:13:49:30 +0800] "GET /favicon.ico HTTP/1.1" 200 946
0:0:0:0:0:0:0:1 - - [10/Nov/2018:13:49:32 +0800] "GET /api/article?mpsId=3&keyword=%E6%9D%A0%E6%9D%86 HTTP/1.1" 200 8042
0:0:0:0:0:0:0:1 - - [10/Nov/2018:13:49:32 +0800] "GET /favicon.ico HTTP/1.1" 200 946
