2018-11-11 09:03:02,531 INFO  c.m.fantasy.FantasyApplication[50]: Starting FantasyApplication on Jared with PID 13288 (started by jd in D:\IntelliJ IDEA\github\java-learning\fantasy)
2018-11-11 09:03:02,690 INFO  c.m.fantasy.FantasyApplication[662]: No active profile set, falling back to default profiles: default
2018-11-11 09:03:03,585 INFO  o.s.b.w.s.c.AnnotationConfigServletWebServerApplicationContext[590]: Refreshing org.springframework.boot.web.servlet.context.AnnotationConfigServletWebServerApplicationContext@6601cc93: startup date [Sun Nov 11 09:03:03 CST 2018]; root of context hierarchy
2018-11-11 09:03:09,885 INFO  o.s.d.r.c.RepositoryConfigurationDelegate[163]: Multiple Spring Data modules found, entering strict repository configuration mode!
2018-11-11 09:03:10,655 INFO  o.s.d.r.c.RepositoryConfigurationExtensionSupport[297]: Spring Data Elasticsearch - Could not safely identify store assignment for repository candidate interface cn.mariojd.fantasy.nearjob.dao.AndroidDao.
2018-11-11 09:03:10,691 INFO  o.s.d.r.c.RepositoryConfigurationExtensionSupport[297]: Spring Data Elasticsearch - Could not safely identify store assignment for repository candidate interface cn.mariojd.fantasy.nearjob.dao.CDao.
2018-11-11 09:03:10,697 INFO  o.s.d.r.c.RepositoryConfigurationExtensionSupport[297]: Spring Data Elasticsearch - Could not safely identify store assignment for repository candidate interface cn.mariojd.fantasy.nearjob.dao.Cocos2dxDao.
2018-11-11 09:03:10,702 INFO  o.s.d.r.c.RepositoryConfigurationExtensionSupport[297]: Spring Data Elasticsearch - Could not safely identify store assignment for repository candidate interface cn.mariojd.fantasy.nearjob.dao.CPlusPlusDao.
2018-11-11 09:03:10,707 INFO  o.s.d.r.c.RepositoryConfigurationExtensionSupport[297]: Spring Data Elasticsearch - Could not safely identify store assignment for repository candidate interface cn.mariojd.fantasy.nearjob.dao.CSharpDao.
2018-11-11 09:03:10,713 INFO  o.s.d.r.c.RepositoryConfigurationExtensionSupport[297]: Spring Data Elasticsearch - Could not safely identify store assignment for repository candidate interface cn.mariojd.fantasy.nearjob.dao.GoDao.
2018-11-11 09:03:10,718 INFO  o.s.d.r.c.RepositoryConfigurationExtensionSupport[297]: Spring Data Elasticsearch - Could not safely identify store assignment for repository candidate interface cn.mariojd.fantasy.nearjob.dao.HadoopDao.
2018-11-11 09:03:10,723 INFO  o.s.d.r.c.RepositoryConfigurationExtensionSupport[297]: Spring Data Elasticsearch - Could not safely identify store assignment for repository candidate interface cn.mariojd.fantasy.nearjob.dao.Html5Dao.
2018-11-11 09:03:10,727 INFO  o.s.d.r.c.RepositoryConfigurationExtensionSupport[297]: Spring Data Elasticsearch - Could not safely identify store assignment for repository candidate interface cn.mariojd.fantasy.nearjob.dao.IosDao.
2018-11-11 09:03:10,732 INFO  o.s.d.r.c.RepositoryConfigurationExtensionSupport[297]: Spring Data Elasticsearch - Could not safely identify store assignment for repository candidate interface cn.mariojd.fantasy.nearjob.dao.JavaDao.
2018-11-11 09:03:10,737 INFO  o.s.d.r.c.RepositoryConfigurationExtensionSupport[297]: Spring Data Elasticsearch - Could not safely identify store assignment for repository candidate interface cn.mariojd.fantasy.nearjob.dao.NetDao.
2018-11-11 09:03:10,742 INFO  o.s.d.r.c.RepositoryConfigurationExtensionSupport[297]: Spring Data Elasticsearch - Could not safely identify store assignment for repository candidate interface cn.mariojd.fantasy.nearjob.dao.NodeJSDao.
2018-11-11 09:03:10,747 INFO  o.s.d.r.c.RepositoryConfigurationExtensionSupport[297]: Spring Data Elasticsearch - Could not safely identify store assignment for repository candidate interface cn.mariojd.fantasy.nearjob.dao.PhpDao.
2018-11-11 09:03:10,751 INFO  o.s.d.r.c.RepositoryConfigurationExtensionSupport[297]: Spring Data Elasticsearch - Could not safely identify store assignment for repository candidate interface cn.mariojd.fantasy.nearjob.dao.PythonDao.
2018-11-11 09:03:10,755 INFO  o.s.d.r.c.RepositoryConfigurationExtensionSupport[297]: Spring Data Elasticsearch - Could not safely identify store assignment for repository candidate interface cn.mariojd.fantasy.nearjob.dao.U3dDao.
2018-11-11 09:03:10,765 INFO  o.s.d.r.c.RepositoryConfigurationExtensionSupport[297]: Spring Data Elasticsearch - Could not safely identify store assignment for repository candidate interface cn.mariojd.fantasy.nearjob.dao.WebDao.
2018-11-11 09:03:11,148 INFO  o.s.d.r.c.RepositoryConfigurationDelegate[163]: Multiple Spring Data modules found, entering strict repository configuration mode!
2018-11-11 09:03:11,197 INFO  o.s.d.r.c.RepositoryConfigurationExtensionSupport[297]: Spring Data JPA - Could not safely identify store assignment for repository candidate interface cn.mariojd.fantasy.mp.repository.ArticleRepository.
2018-11-11 09:03:11,227 INFO  o.s.d.r.c.RepositoryConfigurationExtensionSupport[297]: Spring Data JPA - Could not safely identify store assignment for repository candidate interface cn.mariojd.fantasy.nearjob.repository.JobRepository.
2018-11-11 09:03:11,376 INFO  o.s.d.r.c.RepositoryConfigurationDelegate[163]: Multiple Spring Data modules found, entering strict repository configuration mode!
2018-11-11 09:03:11,502 INFO  o.s.d.r.c.RepositoryConfigurationExtensionSupport[297]: Spring Data Redis - Could not safely identify store assignment for repository candidate interface cn.mariojd.fantasy.mp.repository.ArticleRepository.
2018-11-11 09:03:11,502 INFO  o.s.d.r.c.RepositoryConfigurationExtensionSupport[297]: Spring Data Redis - Could not safely identify store assignment for repository candidate interface cn.mariojd.fantasy.nearjob.dao.AndroidDao.
2018-11-11 09:03:11,503 INFO  o.s.d.r.c.RepositoryConfigurationExtensionSupport[297]: Spring Data Redis - Could not safely identify store assignment for repository candidate interface cn.mariojd.fantasy.nearjob.dao.CDao.
2018-11-11 09:03:11,503 INFO  o.s.d.r.c.RepositoryConfigurationExtensionSupport[297]: Spring Data Redis - Could not safely identify store assignment for repository candidate interface cn.mariojd.fantasy.nearjob.dao.Cocos2dxDao.
2018-11-11 09:03:11,503 INFO  o.s.d.r.c.RepositoryConfigurationExtensionSupport[297]: Spring Data Redis - Could not safely identify store assignment for repository candidate interface cn.mariojd.fantasy.nearjob.dao.CPlusPlusDao.
2018-11-11 09:03:11,504 INFO  o.s.d.r.c.RepositoryConfigurationExtensionSupport[297]: Spring Data Redis - Could not safely identify store assignment for repository candidate interface cn.mariojd.fantasy.nearjob.dao.CSharpDao.
2018-11-11 09:03:11,504 INFO  o.s.d.r.c.RepositoryConfigurationExtensionSupport[297]: Spring Data Redis - Could not safely identify store assignment for repository candidate interface cn.mariojd.fantasy.nearjob.dao.GoDao.
2018-11-11 09:03:11,505 INFO  o.s.d.r.c.RepositoryConfigurationExtensionSupport[297]: Spring Data Redis - Could not safely identify store assignment for repository candidate interface cn.mariojd.fantasy.nearjob.dao.HadoopDao.
2018-11-11 09:03:11,505 INFO  o.s.d.r.c.RepositoryConfigurationExtensionSupport[297]: Spring Data Redis - Could not safely identify store assignment for repository candidate interface cn.mariojd.fantasy.nearjob.dao.Html5Dao.
2018-11-11 09:03:11,506 INFO  o.s.d.r.c.RepositoryConfigurationExtensionSupport[297]: Spring Data Redis - Could not safely identify store assignment for repository candidate interface cn.mariojd.fantasy.nearjob.dao.IosDao.
2018-11-11 09:03:11,506 INFO  o.s.d.r.c.RepositoryConfigurationExtensionSupport[297]: Spring Data Redis - Could not safely identify store assignment for repository candidate interface cn.mariojd.fantasy.nearjob.dao.JavaDao.
2018-11-11 09:03:11,507 INFO  o.s.d.r.c.RepositoryConfigurationExtensionSupport[297]: Spring Data Redis - Could not safely identify store assignment for repository candidate interface cn.mariojd.fantasy.nearjob.dao.NetDao.
2018-11-11 09:03:11,507 INFO  o.s.d.r.c.RepositoryConfigurationExtensionSupport[297]: Spring Data Redis - Could not safely identify store assignment for repository candidate interface cn.mariojd.fantasy.nearjob.dao.NodeJSDao.
2018-11-11 09:03:11,507 INFO  o.s.d.r.c.RepositoryConfigurationExtensionSupport[297]: Spring Data Redis - Could not safely identify store assignment for repository candidate interface cn.mariojd.fantasy.nearjob.dao.PhpDao.
2018-11-11 09:03:11,508 INFO  o.s.d.r.c.RepositoryConfigurationExtensionSupport[297]: Spring Data Redis - Could not safely identify store assignment for repository candidate interface cn.mariojd.fantasy.nearjob.dao.PythonDao.
2018-11-11 09:03:11,508 INFO  o.s.d.r.c.RepositoryConfigurationExtensionSupport[297]: Spring Data Redis - Could not safely identify store assignment for repository candidate interface cn.mariojd.fantasy.nearjob.dao.U3dDao.
2018-11-11 09:03:11,509 INFO  o.s.d.r.c.RepositoryConfigurationExtensionSupport[297]: Spring Data Redis - Could not safely identify store assignment for repository candidate interface cn.mariojd.fantasy.nearjob.dao.WebDao.
2018-11-11 09:03:11,509 INFO  o.s.d.r.c.RepositoryConfigurationExtensionSupport[297]: Spring Data Redis - Could not safely identify store assignment for repository candidate interface cn.mariojd.fantasy.nearjob.repository.JobRepository.
2018-11-11 09:03:13,364 INFO  o.s.c.s.PostProcessorRegistrationDelegate$BeanPostProcessorChecker[326]: Bean 'org.springframework.transaction.annotation.ProxyTransactionManagementConfiguration' of type [org.springframework.transaction.annotation.ProxyTransactionManagementConfiguration$$EnhancerBySpringCGLIB$$9940156] is not eligible for getting processed by all BeanPostProcessors (for example: not eligible for auto-proxying)
2018-11-11 09:03:14,588 INFO  org.xnio[104]: XNIO version 3.3.8.Final
2018-11-11 09:03:14,651 INFO  org.xnio.nio[55]: XNIO NIO Implementation Version 3.3.8.Final
2018-11-11 09:03:15,370 INFO  io.undertow.servlet[360]: Initializing Spring embedded WebApplicationContext
2018-11-11 09:03:15,371 INFO  o.s.web.context.ContextLoader[285]: Root WebApplicationContext: initialization completed in 11788 ms
2018-11-11 09:03:15,681 INFO  o.s.b.w.s.ServletRegistrationBean[187]: Servlet dispatcherServlet mapped to [/]
2018-11-11 09:03:15,731 INFO  o.s.b.w.s.FilterRegistrationBean[245]: Mapping filter: 'characterEncodingFilter' to: [/*]
2018-11-11 09:03:15,733 INFO  o.s.b.w.s.FilterRegistrationBean[245]: Mapping filter: 'hiddenHttpMethodFilter' to: [/*]
2018-11-11 09:03:15,733 INFO  o.s.b.w.s.FilterRegistrationBean[245]: Mapping filter: 'httpPutFormContentFilter' to: [/*]
2018-11-11 09:03:15,734 INFO  o.s.b.w.s.FilterRegistrationBean[245]: Mapping filter: 'requestContextFilter' to: [/*]
2018-11-11 09:03:18,284 INFO  c.z.hikari.HikariDataSource[110]: HikariPool-1 - Starting...
2018-11-11 09:03:18,713 INFO  c.z.hikari.HikariDataSource[123]: HikariPool-1 - Start completed.
2018-11-11 09:03:19,247 INFO  o.s.o.j.LocalContainerEntityManagerFactoryBean[361]: Building JPA container EntityManagerFactory for persistence unit 'default'
2018-11-11 09:03:19,328 INFO  o.h.j.internal.util.LogHelper[31]: HHH000204: Processing PersistenceUnitInfo [
	name: default
	...]
2018-11-11 09:03:19,740 INFO  org.hibernate.Version[45]: HHH000412: Hibernate Core {5.2.17.Final}
2018-11-11 09:03:19,774 INFO  org.hibernate.cfg.Environment[213]: HHH000206: hibernate.properties not found
2018-11-11 09:03:20,446 INFO  o.h.annotations.common.Version[66]: HCANN000001: Hibernate Commons Annotations {5.0.1.Final}
2018-11-11 09:03:22,314 INFO  org.hibernate.dialect.Dialect[157]: HHH000400: Using dialect: org.hibernate.dialect.PostgreSQL95Dialect
2018-11-11 09:03:25,070 INFO  o.h.e.j.e.i.LobCreatorBuilderImpl[85]: HHH000421: Disabling contextual LOB creation as hibernate.jdbc.lob.non_contextual_creation is true
2018-11-11 09:03:25,075 INFO  o.h.type.BasicTypeRegistry[148]: HHH000270: Type registration [java.util.UUID] overrides previous : org.hibernate.type.UUIDBinaryType@5d93ff21
2018-11-11 09:03:30,289 INFO  o.s.o.j.LocalContainerEntityManagerFactoryBean[415]: Initialized JPA EntityManagerFactory for persistence unit 'default'
2018-11-11 09:03:31,940 INFO  o.e.plugins.PluginsService[176]: no modules loaded
2018-11-11 09:03:31,947 INFO  o.e.plugins.PluginsService[179]: loaded plugin [org.elasticsearch.index.reindex.ReindexPlugin]
2018-11-11 09:03:31,949 INFO  o.e.plugins.PluginsService[179]: loaded plugin [org.elasticsearch.join.ParentJoinPlugin]
2018-11-11 09:03:31,951 INFO  o.e.plugins.PluginsService[179]: loaded plugin [org.elasticsearch.percolator.PercolatorPlugin]
2018-11-11 09:03:31,953 INFO  o.e.plugins.PluginsService[179]: loaded plugin [org.elasticsearch.script.mustache.MustachePlugin]
2018-11-11 09:03:31,954 INFO  o.e.plugins.PluginsService[179]: loaded plugin [org.elasticsearch.transport.Netty4Plugin]
2018-11-11 09:03:37,291 INFO  o.s.d.e.c.TransportClientFactoryBean[106]: Adding transport node : 193.112.0.219:9300
2018-11-11 09:03:42,436 INFO  o.s.w.s.h.SimpleUrlHandlerMapping[373]: Mapped URL path [/**/favicon.ico] onto handler of type [class org.springframework.web.servlet.resource.ResourceHttpRequestHandler]
2018-11-11 09:03:43,966 INFO  o.h.h.i.QueryTranslatorFactoryInitiator[47]: HHH000397: Using ASTQueryTranslatorFactory
2018-11-11 09:03:45,208 INFO  o.s.w.s.m.m.a.RequestMappingHandlerAdapter[574]: Looking for @ControllerAdvice: org.springframework.boot.web.servlet.context.AnnotationConfigServletWebServerApplicationContext@6601cc93: startup date [Sun Nov 11 09:03:03 CST 2018]; root of context hierarchy
2018-11-11 09:03:45,373 INFO  o.s.w.s.m.m.a.RequestMappingHandlerMapping[547]: Mapped "{[/api/article],methods=[GET]}" onto public org.springframework.data.domain.Page<cn.mariojd.fantasy.mp.model.response.ArticleResultVO> cn.mariojd.fantasy.mp.controller.ArticleController.findPage(cn.mariojd.fantasy.mp.model.request.ArticleSearchVO,org.springframework.data.domain.Pageable)
2018-11-11 09:03:45,379 INFO  o.s.w.s.m.m.a.RequestMappingHandlerMapping[547]: Mapped "{[/api/detail],methods=[GET]}" onto public cn.mariojd.fantasy.nearjob.model.response.JobDetailVO cn.mariojd.fantasy.nearjob.controller.DetailController.findDetail(java.lang.String,int)
2018-11-11 09:03:45,380 INFO  o.s.w.s.m.m.a.RequestMappingHandlerMapping[547]: Mapped "{[/api/index],methods=[GET]}" onto public org.springframework.data.domain.Page<cn.mariojd.fantasy.nearjob.model.response.IndexResultVO> cn.mariojd.fantasy.nearjob.controller.IndexController.findPage(cn.mariojd.fantasy.nearjob.model.request.SearchVO,org.springframework.data.domain.Pageable)
2018-11-11 09:03:45,383 INFO  o.s.w.s.m.m.a.RequestMappingHandlerMapping[547]: Mapped "{[/error]}" onto public org.springframework.http.ResponseEntity<java.util.Map<java.lang.String, java.lang.Object>> org.springframework.boot.autoconfigure.web.servlet.error.BasicErrorController.error(javax.servlet.http.HttpServletRequest)
2018-11-11 09:03:45,385 INFO  o.s.w.s.m.m.a.RequestMappingHandlerMapping[547]: Mapped "{[/error],produces=[text/html]}" onto public org.springframework.web.servlet.ModelAndView org.springframework.boot.autoconfigure.web.servlet.error.BasicErrorController.errorHtml(javax.servlet.http.HttpServletRequest,javax.servlet.http.HttpServletResponse)
2018-11-11 09:03:45,436 INFO  o.s.w.s.h.SimpleUrlHandlerMapping[373]: Mapped URL path [/webjars/**] onto handler of type [class org.springframework.web.servlet.resource.ResourceHttpRequestHandler]
2018-11-11 09:03:45,436 INFO  o.s.w.s.h.SimpleUrlHandlerMapping[373]: Mapped URL path [/**] onto handler of type [class org.springframework.web.servlet.resource.ResourceHttpRequestHandler]
2018-11-11 09:03:45,478 INFO  o.s.w.s.m.m.a.ExceptionHandlerExceptionResolver[288]: Detected @ExceptionHandler methods in jobExceptionAdvice
2018-11-11 09:03:46,740 INFO  o.s.j.e.a.AnnotationMBeanExporter[433]: Registering beans for JMX exposure on startup
2018-11-11 09:03:46,742 INFO  o.s.j.e.a.AnnotationMBeanExporter[895]: Bean with name 'dataSource' has been autodetected for JMX exposure
2018-11-11 09:03:46,752 INFO  o.s.j.e.a.AnnotationMBeanExporter[668]: Located MBean 'dataSource': registering with JMX server as MBean [com.zaxxer.hikari:name=dataSource,type=HikariDataSource]
2018-11-11 09:03:46,894 INFO  io.undertow.servlet[360]: Initializing Spring FrameworkServlet 'dispatcherServlet'
2018-11-11 09:03:46,895 INFO  o.s.w.s.DispatcherServlet[494]: FrameworkServlet 'dispatcherServlet': initialization started
2018-11-11 09:03:46,934 INFO  o.s.w.s.DispatcherServlet[509]: FrameworkServlet 'dispatcherServlet': initialization completed in 39 ms
2018-11-11 09:03:47,228 INFO  o.s.b.w.e.u.UndertowServletWebServer[148]: Undertow started on port(s) 10000 (http) with context path ''
2018-11-11 09:03:47,295 INFO  c.m.fantasy.FantasyApplication[59]: Started FantasyApplication in 49.249 seconds (JVM running for 88.123)
2018-11-11 09:03:47,860 INFO  io.lettuce.core.EpollProvider[104]: Starting without optional epoll library
2018-11-11 09:03:47,862 INFO  io.lettuce.core.KqueueProvider[104]: Starting without optional kqueue library
2018-11-11 09:03:48,059 INFO  c.m.fantasy.FantasyApplication[36]: ----->>>Load Bean: CSharpDao
2018-11-11 09:03:48,060 INFO  c.m.fantasy.FantasyApplication[36]: ----->>>Load Bean: hadoopDao
2018-11-11 09:03:48,060 INFO  c.m.fantasy.FantasyApplication[36]: ----->>>Load Bean: CDao
2018-11-11 09:03:48,061 INFO  c.m.fantasy.FantasyApplication[36]: ----->>>Load Bean: u3dDao
2018-11-11 09:03:48,061 INFO  c.m.fantasy.FantasyApplication[36]: ----->>>Load Bean: CPlusPlusDao
2018-11-11 09:03:48,062 INFO  c.m.fantasy.FantasyApplication[36]: ----->>>Load Bean: javaDao
2018-11-11 09:03:48,062 INFO  c.m.fantasy.FantasyApplication[36]: ----->>>Load Bean: androidDao
2018-11-11 09:03:48,063 INFO  c.m.fantasy.FantasyApplication[36]: ----->>>Load Bean: goDao
2018-11-11 09:03:48,064 INFO  c.m.fantasy.FantasyApplication[36]: ----->>>Load Bean: phpDao
2018-11-11 09:03:48,065 INFO  c.m.fantasy.FantasyApplication[36]: ----->>>Load Bean: pythonDao
2018-11-11 09:03:48,066 INFO  c.m.fantasy.FantasyApplication[36]: ----->>>Load Bean: netDao
2018-11-11 09:03:48,066 INFO  c.m.fantasy.FantasyApplication[36]: ----->>>Load Bean: webDao
2018-11-11 09:03:48,067 INFO  c.m.fantasy.FantasyApplication[36]: ----->>>Load Bean: cocos2dxDao
2018-11-11 09:03:48,068 INFO  c.m.fantasy.FantasyApplication[36]: ----->>>Load Bean: iosDao
2018-11-11 09:03:48,068 INFO  c.m.fantasy.FantasyApplication[36]: ----->>>Load Bean: html5Dao
2018-11-11 09:03:48,069 INFO  c.m.fantasy.FantasyApplication[36]: ----->>>Load Bean: nodeJSDao
